1569879952869	mozrunner::runner	INFO	Running command: "/usr/bin/firefox" "-marionette" "-foreground" "-no-remote" "-profile" "/tmp/rust_mozprofiler45mKZ"
1569879957188	Marionette	INFO	Listening on port 36237
1569879957289	Marionette	WARN	TLS certificate errors will be ignored for this session
Sandbox: seccomp sandbox violation: pid 4467, tid 4582, syscall 203, args 4582 128 140452619341312 140452619344336 1 0.
1569880113162	mozrunner::runner	INFO	Running command: "/usr/bin/firefox" "-marionette" "-foreground" "-no-remote" "-profile" "/tmp/rust_mozprofilewTZ7yk"
1569880117625	Marionette	INFO	Listening on port 33503
1569880117685	Marionette	WARN	TLS certificate errors will be ignored for this session
Sandbox: seccomp sandbox violation: pid 4726, tid 4843, syscall 203, args 4843 128 140229683990016 140229683993040 1 0.
console.log: Accessibility service init or shutdown observer does not exist.

###!!! [Child][MessageChannel] Error: (msgtype=0x550027,name=PNecko::Msg_RemoveRequestContext) Channel closing: too late to send/recv, messages will be lost


###!!! [Child][RunMessage] Error: Channel closing: too late to send/recv, messages will be lost


###!!! [Child][RunMessage] Error: Channel closing: too late to send/recv, messages will be lost

*** UTM:SVC TimerManager:registerTimer called after profile-before-change notification. Ignoring timer registration for id: telemetry_modules_ping
console.log: Accessibility service init or shutdown observer does not exist.
[Parent 4412, Gecko_IOThread] WARNING: pipe error (103): Connection reset by peer: file /build/firefox-esr-5uDrOt/firefox-esr-60.8.0esr/ipc/chromium/src/chrome/common/ipc_channel_posix.cc, line 342
1569880222723	mozrunner::runner	INFO	Running command: "/usr/bin/firefox" "-marionette" "-foreground" "-no-remote" "-profile" "/tmp/rust_mozprofileXVnN6R"
1569880227050	Marionette	INFO	Listening on port 37691
1569880227144	Marionette	WARN	TLS certificate errors will be ignored for this session
Sandbox: seccomp sandbox violation: pid 5028, tid 5132, syscall 203, args 5132 128 140168681737728 140168681740752 1 0.
console.log: Accessibility service init or shutdown observer does not exist.

###!!! [Child][RunMessage] Error: Channel closing: too late to send/recv, messages will be lost

*** UTM:SVC TimerManager:registerTimer called after profile-before-change notification. Ignoring timer registration for id: telemetry_modules_ping
1569880285101	mozrunner::runner	INFO	Running command: "/usr/bin/firefox" "-marionette" "-foreground" "-no-remote" "-profile" "/tmp/rust_mozprofile1JIZF5"
1569880289422	Marionette	INFO	Listening on port 44985
1569880289538	Marionette	WARN	TLS certificate errors will be ignored for this session
Sandbox: seccomp sandbox violation: pid 5275, tid 5381, syscall 203, args 5381 128 139883826630144 139883826633168 1 0.
1569880417691	mozrunner::runner	INFO	Running command: "/usr/bin/firefox" "-marionette" "-foreground" "-no-remote" "-profile" "/tmp/rust_mozprofile51bgOL"
1569880422005	Marionette	INFO	Listening on port 42037
1569880422111	Marionette	WARN	TLS certificate errors will be ignored for this session
Sandbox: seccomp sandbox violation: pid 5527, tid 5646, syscall 203, args 5646 128 140395102096896 140395102099920 1 0.
1569880508114	mozrunner::runner	INFO	Running command: "/usr/bin/firefox" "-marionette" "-foreground" "-no-remote" "-profile" "/tmp/rust_mozprofilexEXvhQ"
1569880512500	Marionette	INFO	Listening on port 39297
1569880512545	Marionette	WARN	TLS certificate errors will be ignored for this session
Sandbox: seccomp sandbox violation: pid 5789, tid 5910, syscall 203, args 5910 128 140171371335168 140171371338192 1 0.
console.log: Accessibility service init or shutdown observer does not exist.

###!!! [Child][RunMessage] Error: Channel closing: too late to send/recv, messages will be lost


###!!! [Child][RunMessage] Error: Channel closing: too late to send/recv, messages will be lost


###!!! [Child][RunMessage] Error: Channel closing: too late to send/recv, messages will be lost

console.log: Accessibility service init or shutdown observer does not exist.
console.log: Accessibility service init or shutdown observer does not exist.
[Child 5275, Chrome_ChildThread] WARNING: pipe error (3): Connection reset by peer: file /build/firefox-esr-5uDrOt/firefox-esr-60.8.0esr/ipc/chromium/src/chrome/common/ipc_channel_posix.cc, line 342
[Parent 5219, Gecko_IOThread] WARNING: pipe error (99): Connection reset by peer: file /build/firefox-esr-5uDrOt/firefox-esr-60.8.0esr/ipc/chromium/src/chrome/common/ipc_channel_posix.cc, line 342
1569880579933	mozrunner::runner	INFO	Running command: "/usr/bin/firefox" "-marionette" "-foreground" "-no-remote" "-profile" "/tmp/rust_mozprofileVhhEcU"
1569880584447	Marionette	INFO	Listening on port 45335
1569880584553	Marionette	WARN	TLS certificate errors will be ignored for this session
Sandbox: seccomp sandbox violation: pid 6075, tid 6192, syscall 203, args 6192 128 140130261159424 140130261162448 1 0.
1569880661139	mozrunner::runner	INFO	Running command: "/usr/bin/firefox" "-marionette" "-foreground" "-no-remote" "-profile" "/tmp/rust_mozprofileb2ee1b"
1569880665354	Marionette	INFO	Listening on port 35817
1569880665369	Marionette	WARN	TLS certificate errors will be ignored for this session
Sandbox: seccomp sandbox violation: pid 6337, tid 6436, syscall 203, args 6436 128 140592163835392 140592163838416 1 0.
console.log: Accessibility service init or shutdown observer does not exist.
*** UTM:SVC TimerManager:registerTimer called after profile-before-change notification. Ignoring timer registration for id: telemetry_modules_ping
1569880700684	mozrunner::runner	INFO	Running command: "/usr/bin/firefox" "-marionette" "-foreground" "-no-remote" "-profile" "/tmp/rust_mozprofilehx9vKV"
1569880705136	Marionette	INFO	Listening on port 33645
1569880705232	Marionette	WARN	TLS certificate errors will be ignored for this session
Sandbox: seccomp sandbox violation: pid 6583, tid 6691, syscall 203, args 6691 128 139915687906816 139915687909840 1 0.
1569880806089	mozrunner::runner	INFO	Running command: "/usr/bin/firefox" "-marionette" "-foreground" "-no-remote" "-profile" "/tmp/rust_mozprofilekMMD3D"
1569880810553	Marionette	INFO	Listening on port 37589
1569880810621	Marionette	WARN	TLS certificate errors will be ignored for this session
Sandbox: seccomp sandbox violation: pid 6845, tid 6964, syscall 203, args 6964 128 140698711739904 140698711742928 1 0.
1569880908406	mozrunner::runner	INFO	Running command: "/usr/bin/firefox" "-marionette" "-foreground" "-no-remote" "-profile" "/tmp/rust_mozprofilej760HK"
1569880912861	Marionette	INFO	Listening on port 41533
1569880912974	Marionette	WARN	TLS certificate errors will be ignored for this session
console.log: Accessibility service init or shutdown observer does not exist.
console.log: Accessibility service init or shutdown observer does not exist.

###!!! [Child][MessageChannel] Error: (msgtype=0x550027,name=PNecko::Msg_RemoveRequestContext) Channel closing: too late to send/recv, messages will be lost

console.log: Accessibility service init or shutdown observer does not exist.
console.log: Accessibility service init or shutdown observer does not exist.

###!!! [Child][RunMessage] Error: Channel closing: too late to send/recv, messages will be lost

1569881023324	mozrunner::runner	INFO	Running command: "/usr/bin/firefox" "-marionette" "-foreground" "-no-remote" "-profile" "/tmp/rust_mozprofilefHDHRi"
1569881027727	Marionette	INFO	Listening on port 35739
1569881027767	Marionette	WARN	TLS certificate errors will be ignored for this session
console.log: Accessibility service init or shutdown observer does not exist.
1569881569651	mozrunner::runner	INFO	Running command: "/usr/bin/firefox" "-marionette" "-foreground" "-no-remote" "-profile" "/tmp/rust_mozprofileI6ITWr"
1569881574007	Marionette	INFO	Listening on port 41701
1569881574076	Marionette	WARN	TLS certificate errors will be ignored for this session
console.log: Accessibility service init or shutdown observer does not exist.
1569881660526	mozrunner::runner	INFO	Running command: "/usr/bin/firefox" "-marionette" "-foreground" "-no-remote" "-profile" "/tmp/rust_mozprofileXKFN8P"
1569881664888	Marionette	INFO	Listening on port 42711
1569881664949	Marionette	WARN	TLS certificate errors will be ignored for this session
console.log: Accessibility service init or shutdown observer does not exist.
